  Running UnrealBuildTool: dotnet "..\..\Engine\Binaries\DotNET\UnrealBuildTool\UnrealBuildTool.dll" Unreal_FPSEditor Win64 Development -Project="C:\Git_Repository\Unreal_FPS_Challenge\Unreal_FPS\Unreal_FPS.uproject" -WaitMutex -FromMsBuild -Clean
  Cleaning Unreal_FPSEditor and UnrealHeaderTool binaries...
  Unhandled exception: System.AggregateException: One or more errors occurred. (Unable to delete C:\Git_Repository\Unreal_FPS_Challenge\Unreal_FPS\Binaries\Win64\UnrealEditor-Unreal_FPS.dll (Unable to delete C:\Git_Repository\Unreal_FPS_Challenge\Unreal_FPS\Binaries\Win64\UnrealEditor-Unreal_FPS.dll - 액세스가 거부되었습니다.
  Processes with open handles to file:
    24660: C:\Program Files\Epic Games\UE_5.1\Engine\Binaries\Win64\UnrealEditor.exe (started 04/01/2023 03:15:12)))
   ---> Unable to delete C:\Git_Repository\Unreal_FPS_Challenge\Unreal_FPS\Binaries\Win64\UnrealEditor-Unreal_FPS.dll (Unable to delete C:\Git_Repository\Unreal_FPS_Challenge\Unreal_FPS\Binaries\Win64\UnrealEditor-Unreal_FPS.dll - 액세스가 거부되었습니다.
  Processes with open handles to file:
    24660: C:\Program Files\Epic Games\UE_5.1\Engine\Binaries\Win64\UnrealEditor.exe (started 04/01/2023 03:15:12))
     --- End of inner exception stack trace ---
     at System.Threading.Tasks.TaskReplicator.Run[TState](ReplicatableUserAction`1 action, ParallelOptions options, Boolean stopOnFirstFailure)
     at System.Threading.Tasks.Parallel.PartitionerForEachWorker[TSource,TLocal](Partitioner`1 source, ParallelOptions parallelOptions, Action`1 simpleBody, Action`2 bodyWithState, Action`3 bodyWithStateAndIndex, Func`4 bodyWithStateAndLocal, Func`5 bodyWithEverything, Func`1 localInit, Action`1 localFinally)
  --- End of stack trace from previous location ---
     at System.Threading.Tasks.Parallel.ThrowSingleCancellationExceptionOrOtherException(ICollection exceptions, CancellationToken cancelToken, Exception otherException)
     at System.Threading.Tasks.Parallel.PartitionerForEachWorker[TSource,TLocal](Partitioner`1 source, ParallelOptions parallelOptions, Action`1 simpleBody, Action`2 bodyWithState, Action`3 bodyWithStateAndIndex, Func`4 bodyWithStateAndLocal, Func`5 bodyWithEverything, Func`1 localInit, Action`1 localFinally)
     at System.Threading.Tasks.Parallel.ForEachWorker[TSource,TLocal](IEnumerable`1 source, ParallelOptions parallelOptions, Action`1 body, Action`2 bodyWithState, Action`3 bodyWithStateAndIndex, Func`4 bodyWithStateAndLocal, Func`5 bodyWithEverything, Func`1 localInit, Action`1 localFinally)
     at System.Threading.Tasks.Parallel.ForEach[TSource](IEnumerable`1 source, Action`1 body)
     at UnrealBuildTool.CleanMode.<>c__DisplayClass3_0.<Clean>b__2() in D:\build\++UE5\Sync\Engine\Saved\CsTools\Engine\Source\Programs\UnrealBuildTool\Modes\CleanMode.cs:line 291
     at System.Threading.Tasks.Task.InnerInvoke()
     at System.Threading.Tasks.Task.<>c.<.cctor>b__272_0(Object obj)
     at System.Threading.ExecutionContext.RunFromThreadPoolDispatchLoop(Thread threadPoolThread, ExecutionContext executionContext, ContextCallback callback, Object state)
  --- End of stack trace from previous location ---
     at System.Threading.ExecutionContext.RunFromThreadPoolDispatchLoop(Thread threadPoolThread, ExecutionContext executionContext, ContextCallback callback, Object state)
     at System.Threading.Tasks.Task.ExecuteWithThreadLocal(Task& currentTaskSlot, Thread threadPoolThread)
